TN:
SF:lib/src/drizzle.dart
FNF:0
FNH:0
DA:24,1
DA:38,1
DA:39,4
DA:41,2
DA:42,1
DA:43,3
DA:49,1
DA:50,2
DA:54,1
DA:55,2
DA:56,2
DA:57,2
DA:58,1
DA:62,1
DA:63,1
DA:64,3
DA:65,3
DA:67,1
DA:73,1
DA:74,3
DA:77,1
DA:78,1
DA:79,1
DA:87,1
DA:88,3
DA:89,1
DA:93,1
DA:94,3
DA:95,1
DA:101,1
DA:102,3
DA:104,2
DA:105,1
DA:107,1
DA:109,2
DA:110,5
DA:112,2
DA:113,1
DA:114,2
DA:115,1
DA:117,1
LF:41
LH:41
end_of_record
TN:
SF:lib/src/drizzle_file_data_store.dart
FNF:0
FNH:0
DA:14,1
DA:22,1
DA:23,2
DA:25,2
DA:26,1
DA:30,2
DA:31,1
DA:32,1
DA:35,1
DA:38,1
DA:41,2
DA:44,1
DA:45,3
DA:46,1
DA:47,2
DA:48,2
DA:51,1
DA:53,1
DA:54,1
DA:55,1
DA:56,1
DA:57,2
DA:64,1
DA:69,1
DA:70,3
DA:71,2
LF:26
LH:26
end_of_record
